<?xml version="1.0" encoding="UTF-8"?>
<coverage generated="1751735275226" clover="3.2.0">
  <project timestamp="1751735275227" name="All files">
    <metrics statements="32" coveredstatements="32" conditionals="21" coveredconditionals="21" methods="5" coveredmethods="5" elements="58" coveredelements="58" complexity="0" loc="32" ncloc="32" packages="1" files="1" classes="1"/>
    <file name="validation.ts" path="/home/jz/Documents/projects/git-commit-ai/src/utils/validation.ts">
      <metrics statements="32" coveredstatements="32" conditionals="21" coveredconditionals="21" methods="5" coveredmethods="5"/>
      <line num="11" count="1" type="stmt"/>
      <line num="16" count="1" type="stmt"/>
      <line num="20" count="35" type="stmt"/>
      <line num="23" count="35" type="cond" truecount="4" falsecount="0"/>
      <line num="24" count="4" type="stmt"/>
      <line num="25" count="4" type="stmt"/>
      <line num="29" count="31" type="cond" truecount="4" falsecount="0"/>
      <line num="30" count="2" type="stmt"/>
      <line num="31" count="2" type="stmt"/>
      <line num="35" count="29" type="stmt"/>
      <line num="37" count="29" type="cond" truecount="2" falsecount="0"/>
      <line num="38" count="1" type="stmt"/>
      <line num="39" count="1" type="stmt"/>
      <line num="43" count="28" type="stmt"/>
      <line num="44" count="28" type="stmt"/>
      <line num="45" count="28" type="stmt"/>
      <line num="46" count="28" type="stmt"/>
      <line num="49" count="28" type="stmt"/>
      <line num="52" count="28" type="cond" truecount="4" falsecount="0"/>
      <line num="53" count="3" type="stmt"/>
      <line num="57" count="28" type="cond" truecount="2" falsecount="0"/>
      <line num="58" count="27" type="cond" truecount="2" falsecount="0"/>
      <line num="59" count="1" type="stmt"/>
      <line num="64" count="28" type="cond" truecount="2" falsecount="0"/>
      <line num="65" count="2" type="stmt"/>
      <line num="68" count="28" type="stmt"/>
      <line num="76" count="28" type="stmt"/>
      <line num="86" count="185" type="stmt"/>
      <line num="89" count="1" type="stmt"/>
      <line num="90" count="5" type="stmt"/>
      <line num="93" count="1" type="stmt"/>
      <line num="94" count="5" type="stmt"/>
    </file>
  </project>
</coverage>
