{"/home/jz/Documents/projects/git-commit-ai/src/utils/validation.ts": {"path":"/home/jz/Documents/projects/git-commit-ai/src/utils/validation.ts","statementMap":{"0":{"start":{"line":16,"column":0},"end":{"line":16,"column":16}},"1":{"start":{"line":89,"column":0},"end":{"line":89,"column":16}},"2":{"start":{"line":93,"column":0},"end":{"line":93,"column":16}},"3":{"start":{"line":11,"column":50},"end":{"line":14,"column":2}},"4":{"start":{"line":20,"column":27},"end":{"line":20,"column":29}},"5":{"start":{"line":23,"column":2},"end":{"line":26,"column":3}},"6":{"start":{"line":24,"column":4},"end":{"line":24,"column":52}},"7":{"start":{"line":25,"column":4},"end":{"line":25,"column":38}},"8":{"start":{"line":29,"column":2},"end":{"line":32,"column":3}},"9":{"start":{"line":30,"column":4},"end":{"line":30,"column":92}},"10":{"start":{"line":31,"column":4},"end":{"line":31,"column":38}},"11":{"start":{"line":35,"column":23},"end":{"line":35,"column":35}},"12":{"start":{"line":37,"column":2},"end":{"line":40,"column":3}},"13":{"start":{"line":38,"column":4},"end":{"line":38,"column":68}},"14":{"start":{"line":39,"column":4},"end":{"line":39,"column":38}},"15":{"start":{"line":43,"column":27},"end":{"line":43,"column":59}},"16":{"start":{"line":44,"column":23},"end":{"line":44,"column":73}},"17":{"start":{"line":45,"column":32},"end":{"line":45,"column":77}},"18":{"start":{"line":46,"column":25},"end":{"line":46,"column":73}},"19":{"start":{"line":49,"column":25},"end":{"line":49,"column":86}},"20":{"start":{"line":52,"column":2},"end":{"line":54,"column":3}},"21":{"start":{"line":53,"column":4},"end":{"line":53,"column":111}},"22":{"start":{"line":57,"column":2},"end":{"line":61,"column":3}},"23":{"start":{"line":58,"column":4},"end":{"line":60,"column":5}},"24":{"start":{"line":59,"column":6},"end":{"line":59,"column":55}},"25":{"start":{"line":64,"column":2},"end":{"line":66,"column":3}},"26":{"start":{"line":65,"column":4},"end":{"line":65,"column":64}},"27":{"start":{"line":68,"column":2},"end":{"line":71,"column":4}},"28":{"start":{"line":76,"column":29},"end":{"line":84,"column":4}},"29":{"start":{"line":86,"column":2},"end":{"line":86,"column":65}},"30":{"start":{"line":86,"column":44},"end":{"line":86,"column":63}},"31":{"start":{"line":90,"column":2},"end":{"line":90,"column":49}},"32":{"start":{"line":94,"column":2},"end":{"line":94,"column":48}}},"fnMap":{"0":{"name":"validateGitDiff","decl":{"start":{"line":16,"column":16},"end":{"line":16,"column":31}},"loc":{"start":{"line":18,"column":53},"end":{"line":72,"column":1}}},"1":{"name":"containsSuspiciousContent","decl":{"start":{"line":74,"column":9},"end":{"line":74,"column":34}},"loc":{"start":{"line":74,"column":48},"end":{"line":87,"column":1}}},"2":{"name":"(anonymous_2)","decl":{"start":{"line":86,"column":33},"end":{"line":86,"column":40}},"loc":{"start":{"line":86,"column":44},"end":{"line":86,"column":63}}},"3":{"name":"isValidGitDiff","decl":{"start":{"line":89,"column":16},"end":{"line":89,"column":30}},"loc":{"start":{"line":89,"column":80},"end":{"line":91,"column":1}}},"4":{"name":"getValidationErrors","decl":{"start":{"line":93,"column":16},"end":{"line":93,"column":35}},"loc":{"start":{"line":93,"column":85},"end":{"line":95,"column":1}}}},"branchMap":{"0":{"loc":{"start":{"line":18,"column":2},"end":{"line":18,"column":53}},"type":"default-arg","locations":[{"start":{"line":18,"column":38},"end":{"line":18,"column":53}}]},"1":{"loc":{"start":{"line":23,"column":2},"end":{"line":26,"column":3}},"type":"if","locations":[{"start":{"line":23,"column":2},"end":{"line":26,"column":3}},{"start":{},"end":{}}]},"2":{"loc":{"start":{"line":23,"column":6},"end":{"line":23,"column":41}},"type":"binary-expr","locations":[{"start":{"line":23,"column":6},"end":{"line":23,"column":12}},{"start":{"line":23,"column":16},"end":{"line":23,"column":41}}]},"3":{"loc":{"start":{"line":29,"column":2},"end":{"line":32,"column":3}},"type":"if","locations":[{"start":{"line":29,"column":2},"end":{"line":32,"column":3}},{"start":{},"end":{}}]},"4":{"loc":{"start":{"line":29,"column":6},"end":{"line":29,"column":55}},"type":"binary-expr","locations":[{"start":{"line":29,"column":6},"end":{"line":29,"column":21}},{"start":{"line":29,"column":25},"end":{"line":29,"column":55}}]},"5":{"loc":{"start":{"line":37,"column":2},"end":{"line":40,"column":3}},"type":"if","locations":[{"start":{"line":37,"column":2},"end":{"line":40,"column":3}},{"start":{},"end":{}}]},"6":{"loc":{"start":{"line":52,"column":2},"end":{"line":54,"column":3}},"type":"if","locations":[{"start":{"line":52,"column":2},"end":{"line":54,"column":3}},{"start":{},"end":{}}]},"7":{"loc":{"start":{"line":52,"column":6},"end":{"line":52,"column":42}},"type":"binary-expr","locations":[{"start":{"line":52,"column":6},"end":{"line":52,"column":23}},{"start":{"line":52,"column":27},"end":{"line":52,"column":42}}]},"8":{"loc":{"start":{"line":57,"column":2},"end":{"line":61,"column":3}},"type":"if","locations":[{"start":{"line":57,"column":2},"end":{"line":61,"column":3}},{"start":{},"end":{}}]},"9":{"loc":{"start":{"line":58,"column":4},"end":{"line":60,"column":5}},"type":"if","locations":[{"start":{"line":58,"column":4},"end":{"line":60,"column":5}},{"start":{},"end":{}}]},"10":{"loc":{"start":{"line":64,"column":2},"end":{"line":66,"column":3}},"type":"if","locations":[{"start":{"line":64,"column":2},"end":{"line":66,"column":3}},{"start":{},"end":{}}]}},"s":{"0":1,"1":1,"2":1,"3":1,"4":35,"5":35,"6":4,"7":4,"8":31,"9":2,"10":2,"11":29,"12":29,"13":1,"14":1,"15":28,"16":28,"17":28,"18":28,"19":28,"20":28,"21":3,"22":28,"23":27,"24":1,"25":28,"26":2,"27":28,"28":28,"29":28,"30":185,"31":5,"32":5},"f":{"0":35,"1":28,"2":185,"3":5,"4":5},"b":{"0":[29],"1":[4,31],"2":[35,32],"3":[2,29],"4":[31,30],"5":[1,28],"6":[3,25],"7":[28,5],"8":[27,1],"9":[1,26],"10":[2,26]}}
}
