TN:
SF:src/utils/validation.ts
FN:16,validateGitDiff
FN:74,containsSuspiciousContent
FN:86,(anonymous_2)
FN:89,isValidGitDiff
FN:93,getValidationErrors
FNF:5
FNH:5
FNDA:35,validateGitDiff
FNDA:28,containsSuspiciousContent
FNDA:185,(anonymous_2)
FNDA:5,isValidGitDiff
FNDA:5,getValidationErrors
DA:11,1
DA:16,1
DA:20,35
DA:23,35
DA:24,4
DA:25,4
DA:29,31
DA:30,2
DA:31,2
DA:35,29
DA:37,29
DA:38,1
DA:39,1
DA:43,28
DA:44,28
DA:45,28
DA:46,28
DA:49,28
DA:52,28
DA:53,3
DA:57,28
DA:58,27
DA:59,1
DA:64,28
DA:65,2
DA:68,28
DA:76,28
DA:86,185
DA:89,1
DA:90,5
DA:93,1
DA:94,5
LF:32
LH:32
BRDA:18,0,0,29
BRDA:23,1,0,4
BRDA:23,1,1,31
BRDA:23,2,0,35
BRDA:23,2,1,32
BRDA:29,3,0,2
BRDA:29,3,1,29
BRDA:29,4,0,31
BRDA:29,4,1,30
BRDA:37,5,0,1
BRDA:37,5,1,28
BRDA:52,6,0,3
BRDA:52,6,1,25
BRDA:52,7,0,28
BRDA:52,7,1,5
BRDA:57,8,0,27
BRDA:57,8,1,1
BRDA:58,9,0,1
BRDA:58,9,1,26
BRDA:64,10,0,2
BRDA:64,10,1,26
BRF:21
BRH:21
end_of_record
